<?xml version="1.0" encoding="UTF-8"?>
<testng-results ignored="0" total="1" passed="1" failed="0" skipped="0">
  <reporter-output>
  </reporter-output>
  <suite started-at="2023-10-08T01:31:13 EDT" name="Default suite" finished-at="2023-10-08T01:31:39 EDT" duration-ms="26235">
    <groups>
      <group name="cucumber">
        <method signature="AbstractTestNGCucumberTests.feature(cucumber.api.testng.CucumberFeatureWrapper)[pri:0, instance:Doll_TestRunner.Doll_TestRunner@4e5ed836]" name="feature" class="cucumber.api.testng.AbstractTestNGCucumberTests"/>
      </group> <!-- cucumber -->
    </groups>
    <test started-at="2023-10-08T01:31:13 EDT" name="Default test" finished-at="2023-10-08T01:31:39 EDT" duration-ms="26235">
      <class name="Doll_TestRunner.Doll_TestRunner">
        <test-method is-config="true" signature="doStartURL()[pri:0, instance:Doll_TestRunner.Doll_TestRunner@4e5ed836]" started-at="2023-10-08T01:31:13 EDT" name="doStartURL" finished-at="2023-10-08T01:31:16 EDT" duration-ms="2847" status="PASS">
          <reporter-output>
          </reporter-output>
        </test-method> <!-- doStartURL -->
        <test-method is-config="true" signature="setUpClass()[pri:0, instance:Doll_TestRunner.Doll_TestRunner@4e5ed836]" started-at="2023-10-08T01:31:16 EDT" name="setUpClass" finished-at="2023-10-08T01:31:16 EDT" duration-ms="169" status="PASS">
          <reporter-output>
          </reporter-output>
        </test-method> <!-- setUpClass -->
        <test-method signature="feature(cucumber.api.testng.CucumberFeatureWrapper)[pri:0, instance:Doll_TestRunner.Doll_TestRunner@4e5ed836]" started-at="2023-10-08T01:31:16 EDT" name="feature" description="Runs Cucumber Feature" data-provider="features" finished-at="2023-10-08T01:31:39 EDT" duration-ms="22569" status="PASS">
          <params>
            <param index="0">
              <value>
                <![CDATA[This is a feature for contact page functionality]]>
              </value>
            </param>
          </params>
          <reporter-output>
          </reporter-output>
        </test-method> <!-- feature -->
        <test-method is-config="true" signature="tearDownClass()[pri:0, instance:Doll_TestRunner.Doll_TestRunner@4e5ed836]" started-at="2023-10-08T01:31:39 EDT" name="tearDownClass" finished-at="2023-10-08T01:31:39 EDT" duration-ms="40" status="PASS">
          <reporter-output>
          </reporter-output>
        </test-method> <!-- tearDownClass -->
        <test-method is-config="true" signature="doCloseURL()[pri:0, instance:Doll_TestRunner.Doll_TestRunner@4e5ed836]" started-at="2023-10-08T01:31:39 EDT" name="doCloseURL" finished-at="2023-10-08T01:31:39 EDT" duration-ms="488" status="PASS">
          <reporter-output>
          </reporter-output>
        </test-method> <!-- doCloseURL -->
      </class> <!-- Doll_TestRunner.Doll_TestRunner -->
    </test> <!-- Default test -->
  </suite> <!-- Default suite -->
</testng-results>
